<?xml version="1.0" encoding="UTF-8"?>
<testng-results skipped="0" failed="0" total="2" passed="2">
  <reporter-output>
  </reporter-output>
  <suite name="Cucumber Practice Test" duration-ms="311908" started-at="2019-02-24T11:43:46Z" finished-at="2019-02-24T11:48:58Z">
    <groups>
      <group name="cucumber">
        <method signature="AbstractTestNGCucumberTests.feature(cucumber.api.testng.CucumberFeatureWrapper)[pri:0, instance:com.guru.runner.RunCuke@2acf57e3]" name="feature" class="cucumber.api.testng.AbstractTestNGCucumberTests"/>
      </group> <!-- cucumber -->
    </groups>
    <test name="Guru Application Login Test" duration-ms="311908" started-at="2019-02-24T11:43:46Z" finished-at="2019-02-24T11:48:58Z">
      <class name="com.guru.runner.RunCuke">
        <test-method status="PASS" signature="setUpClass()[pri:0, instance:com.guru.runner.RunCuke@2acf57e3]" name="setUpClass" is-config="true" duration-ms="510" started-at="2019-02-24T17:13:46Z" finished-at="2019-02-24T17:13:47Z">
          <reporter-output>
          </reporter-output>
        </test-method> <!-- setUpClass -->
        <test-method status="PASS" signature="setup()[pri:0, instance:com.guru.runner.RunCuke@2acf57e3]" name="setup" is-config="true" duration-ms="263" started-at="2019-02-24T17:13:47Z" finished-at="2019-02-24T17:13:47Z">
          <reporter-output>
          </reporter-output>
        </test-method> <!-- setup -->
        <test-method status="PASS" signature="feature(cucumber.api.testng.CucumberFeatureWrapper)[pri:0, instance:com.guru.runner.RunCuke@2acf57e3]" name="feature" duration-ms="99911" started-at="2019-02-24T17:13:47Z" description="Runs Cucumber Feature" data-provider="features" finished-at="2019-02-24T17:15:27Z">
          <params>
            <param index="0">
              <value>
                <![CDATA[Testing conducted on GURU HOME PAGE]]>
              </value>
            </param>
          </params>
          <reporter-output>
          </reporter-output>
        </test-method> <!-- feature -->
        <test-method status="PASS" signature="feature(cucumber.api.testng.CucumberFeatureWrapper)[pri:0, instance:com.guru.runner.RunCuke@2acf57e3]" name="feature" duration-ms="210876" started-at="2019-02-24T17:15:27Z" description="Runs Cucumber Feature" data-provider="features" finished-at="2019-02-24T17:18:58Z">
          <params>
            <param index="0">
              <value>
                <![CDATA[Data Driven Testing Conducted on Guru Website]]>
              </value>
            </param>
          </params>
          <reporter-output>
          </reporter-output>
        </test-method> <!-- feature -->
        <test-method status="PASS" signature="tearDownClass()[pri:0, instance:com.guru.runner.RunCuke@2acf57e3]" name="tearDownClass" is-config="true" duration-ms="160" started-at="2019-02-24T17:18:58Z" finished-at="2019-02-24T17:18:58Z">
          <reporter-output>
          </reporter-output>
        </test-method> <!-- tearDownClass -->
      </class> <!-- com.guru.runner.RunCuke -->
    </test> <!-- Guru Application Login Test -->
  </suite> <!-- Cucumber Practice Test -->
</testng-results>
