<?xml version="1.0" encoding="UTF-8"?>
<testng-results skipped="0" failed="0" total="2" passed="2">
  <reporter-output>
  </reporter-output>
  <suite name="Cucumber Practice Test" duration-ms="215452" started-at="2019-02-24T11:18:52Z" finished-at="2019-02-24T11:22:27Z">
    <groups>
      <group name="cucumber">
        <method signature="AbstractTestNGCucumberTests.feature(cucumber.api.testng.CucumberFeatureWrapper)[pri:0, instance:com.guru.runner.RunCuke@1794d431]" name="feature" class="cucumber.api.testng.AbstractTestNGCucumberTests"/>
      </group> <!-- cucumber -->
    </groups>
    <test name="Guru Application Login Test" duration-ms="215452" started-at="2019-02-24T11:18:52Z" finished-at="2019-02-24T11:22:27Z">
      <class name="com.guru.runner.RunCuke">
        <test-method status="PASS" signature="setUpClass()[pri:0, instance:com.guru.runner.RunCuke@1794d431]" name="setUpClass" is-config="true" duration-ms="441" started-at="2019-02-24T16:48:52Z" finished-at="2019-02-24T16:48:52Z">
          <reporter-output>
          </reporter-output>
        </test-method> <!-- setUpClass -->
        <test-method status="PASS" signature="setup()[pri:0, instance:com.guru.runner.RunCuke@1794d431]" name="setup" is-config="true" duration-ms="214" started-at="2019-02-24T16:48:52Z" finished-at="2019-02-24T16:48:53Z">
          <reporter-output>
          </reporter-output>
        </test-method> <!-- setup -->
        <test-method status="PASS" signature="feature(cucumber.api.testng.CucumberFeatureWrapper)[pri:0, instance:com.guru.runner.RunCuke@1794d431]" name="feature" duration-ms="53956" started-at="2019-02-24T16:48:53Z" description="Runs Cucumber Feature" data-provider="features" finished-at="2019-02-24T16:49:47Z">
          <params>
            <param index="0">
              <value>
                <![CDATA[Testing conducted on GURU HOME PAGE]]>
              </value>
            </param>
          </params>
          <reporter-output>
          </reporter-output>
        </test-method> <!-- feature -->
        <test-method status="PASS" signature="feature(cucumber.api.testng.CucumberFeatureWrapper)[pri:0, instance:com.guru.runner.RunCuke@1794d431]" name="feature" duration-ms="160584" started-at="2019-02-24T16:49:47Z" description="Runs Cucumber Feature" data-provider="features" finished-at="2019-02-24T16:52:27Z">
          <params>
            <param index="0">
              <value>
                <![CDATA[Data Driven Testing Conducted on Guru Website]]>
              </value>
            </param>
          </params>
          <reporter-output>
          </reporter-output>
        </test-method> <!-- feature -->
        <test-method status="PASS" signature="tearDownClass()[pri:0, instance:com.guru.runner.RunCuke@1794d431]" name="tearDownClass" is-config="true" duration-ms="98" started-at="2019-02-24T16:52:27Z" finished-at="2019-02-24T16:52:27Z">
          <reporter-output>
          </reporter-output>
        </test-method> <!-- tearDownClass -->
      </class> <!-- com.guru.runner.RunCuke -->
    </test> <!-- Guru Application Login Test -->
  </suite> <!-- Cucumber Practice Test -->
</testng-results>
